

Started GET "/brands/51c345b215de53c8db000002/collections" for 127.0.0.1 at 2013-08-07 12:06:38 -0700

ActionController::RoutingError (No route matches [GET] "/brands/51c345b215de53c8db000002/collections"):
  actionpack (4.0.0) lib/action_dispatch/middleware/debug_exceptions.rb:21:in `call'
  actionpack (4.0.0) lib/action_dispatch/middleware/show_exceptions.rb:30:in `call'
  railties (4.0.0) lib/rails/rack/logger.rb:38:in `call_app'
  railties (4.0.0) lib/rails/rack/logger.rb:21:in `block in call'
  activesupport (4.0.0) lib/active_support/tagged_logging.rb:67:in `block in tagged'
  activesupport (4.0.0) lib/active_support/tagged_logging.rb:25:in `tagged'
  activesupport (4.0.0) lib/active_support/tagged_logging.rb:67:in `tagged'
  railties (4.0.0) lib/rails/rack/logger.rb:21:in `call'
  actionpack (4.0.0) lib/action_dispatch/middleware/request_id.rb:21:in `call'
  rack (1.5.2) lib/rack/methodoverride.rb:21:in `call'
  rack (1.5.2) lib/rack/runtime.rb:17:in `call'
  activesupport (4.0.0) lib/active_support/cache/strategy/local_cache.rb:83:in `call'
  rack (1.5.2) lib/rack/lock.rb:17:in `call'
  actionpack (4.0.0) lib/action_dispatch/middleware/static.rb:64:in `call'
  railties (4.0.0) lib/rails/engine.rb:511:in `call'
  railties (4.0.0) lib/rails/application.rb:97:in `call'
  rack (1.5.2) lib/rack/lock.rb:17:in `call'
  rack (1.5.2) lib/rack/content_length.rb:14:in `call'
  rack (1.5.2) lib/rack/handler/webrick.rb:60:in `service'
  /Users/jeffauston/.rvm/rubies/ruby-2.0.0-p247/lib/ruby/2.0.0/webrick/httpserver.rb:138:in `service'
  /Users/jeffauston/.rvm/rubies/ruby-2.0.0-p247/lib/ruby/2.0.0/webrick/httpserver.rb:94:in `run'
  /Users/jeffauston/.rvm/rubies/ruby-2.0.0-p247/lib/ruby/2.0.0/webrick/server.rb:295:in `block in start_thread'


  Rendered /Users/jeffauston/.rvm/gems/ruby-2.0.0-p247@railstutorial_rails_4_0/gems/actionpack-4.0.0/lib/action_dispatch/middleware/templates/rescues/_trace.erb (0.9ms)
  Rendered /Users/jeffauston/.rvm/gems/ruby-2.0.0-p247@railstutorial_rails_4_0/gems/actionpack-4.0.0/lib/action_dispatch/middleware/templates/routes/_table.html.erb (5.3ms)
  Rendered /Users/jeffauston/.rvm/gems/ruby-2.0.0-p247@railstutorial_rails_4_0/gems/actionpack-4.0.0/lib/action_dispatch/middleware/templates/rescues/routing_error.erb within rescues/layout (20.1ms)


Started GET "/" for 127.0.0.1 at 2013-08-07 12:06:45 -0700
Processing by Rails::WelcomeController#index as HTML
  Rendered /Users/jeffauston/.rvm/gems/ruby-2.0.0-p247@railstutorial_rails_4_0/gems/railties-4.0.0/lib/rails/templates/rails/welcome/index.html.erb (0.6ms)
Completed 200 OK in 4ms (Views: 3.6ms | ActiveRecord: 0.0ms)


Started GET "/rails/info/properties" for 127.0.0.1 at 2013-08-07 12:06:54 -0700
Processing by Rails::InfoController#properties as */*
  Rendered /Users/jeffauston/.rvm/gems/ruby-2.0.0-p247@railstutorial_rails_4_0/gems/railties-4.0.0/lib/rails/templates/rails/info/properties.html.erb (0.4ms)
Completed 200 OK in 16ms (Views: 9.6ms | ActiveRecord: 1.4ms)
